Conversión de Solid Edge en STL
Fecha: Sunday,November 02,2025 12:56AM
Archivo fuente:C:\Users\Mayte\Desktop\SOLID EDGE-20251101T201459Z-1-001\SOLID EDGE\LINK3.asm
Sistema fuente: SOLID EDGE

Hardware:
Procesador: Intel(R) Core(TM) i7-10750H CPU @ 2.60GHz
Sistema operativo: Windows 10 Professional
Memoria instalada: 15,83 GB

Información sobre el software:
Versión de Parasolid: 37.0.118
Versión de PSBodyShop: 37.0.94
Versión del adaptador STL: 15.0.142
Versión de Solid Edge: 225.00.01.004 x64

Opciones de exportación de STL:
Formato de la carpeta de salida:BINARY
Exportar las piezas visualizadas: Activado
Opción estructural: Monolithic
Unidades de exportación: Millimeter
Valor de la tolerancia de exportación:0,001000
Tipo de tolerancia de exportación: Fine
Valor del ángulo plano de superficie de exportación:0,523599

Avance en la conversión:
Se completó el proceso de conversión
Tiempo necesario para convertir:00 : 00 : 03
